[T 19:18:03 27810] Reading configuration file /Users/sunzhiwen01/Desktop/Code/Java/DVWA/ql_dvwa/working/tracing/compiler-tracing769987285673130318.spec...
[T 19:18:03 27810] Initialising tags...
[T 19:18:03 27810] Don't know where to put tags database (CODEQL_EXTRACTOR_CPP_SCRATCH_DIR is not set).
[T 19:18:03 27810] Reading configuration file /Users/sunzhiwen01/Desktop/Code/Java/DVWA/ql_dvwa/working/tracing/compiler-tracing769987285673130318.spec...
[T 19:18:03 27810] Initialising tags...
[T 19:18:03 27810] Don't know where to put tags database (CODEQL_EXTRACTOR_CPP_SCRATCH_DIR is not set).
[T 19:18:03 27810] Warning: SEMMLE_EXEC and SEMMLE_EXECP not set. Falling back to path lookup on argv[0].
[T 19:18:03 27810] ==== Candidate to intercept: /Users/sunzhiwen01/bin/codeql/tools/osx64/runner-osx (canonical: /Users/sunzhiwen01/bin/codeql/tools/osx64/runner-osx) ====
[T 19:18:03 27811] Attempting to switch stdout/stderr to 3...
[T 19:18:03 27810] Reading configuration file /Users/sunzhiwen01/Desktop/Code/Java/DVWA/ql_dvwa/working/tracing/compiler-tracing769987285673130318.spec...
[T 19:18:03 27810] Initialising tags...
[T 19:18:03 27810] Don't know where to put tags database (CODEQL_EXTRACTOR_CPP_SCRATCH_DIR is not set).
[T 19:18:03 27810] ==== Candidate to intercept: /Users/sunzhiwen01/bin/codeql/java/tools/autobuild.sh (canonical: /Users/sunzhiwen01/bin/codeql/java/tools/autobuild.sh) ====
[T 19:18:03 27817] Attempting to switch stdout/stderr to 3...
/Library/Developer/CommandLineTools/usr/bin/install_name_tool: warning: changes being made to the file will invalidate the code signature in: /Users/sunzhiwen01/Desktop/Code/Java/DVWA/ql_dvwa/working/copy-root/000001F5/Users/sunzhiwen01/bin/codeql/tools/osx64/java/bin/java.semmle.00006CA8
[T 19:18:03 27816] Reading configuration file /Users/sunzhiwen01/Desktop/Code/Java/DVWA/ql_dvwa/working/tracing/compiler-tracing769987285673130318.spec...
[T 19:18:03 27816] Initialising tags...
[T 19:18:03 27816] Don't know where to put tags database (CODEQL_EXTRACTOR_CPP_SCRATCH_DIR is not set).
[T 19:18:03 27816] ==== Candidate to intercept: /Users/sunzhiwen01/bin/codeql/tools/osx64/java/bin/java (canonical: /Users/sunzhiwen01/bin/codeql/tools/osx64/java/bin/java) ====
[T 19:18:03 27816] Passing through -javaagent:/Users/sunzhiwen01/bin/codeql/java/tools/codeql-java-agent.jar=ignore-project,java to underlying JVM.
[T 19:18:03 27816] Passing through -Xbootclasspath/a:/Users/sunzhiwen01/bin/codeql/java/tools/codeql-java-agent.jar to underlying JVM.
[T 19:18:04 27816] Intercepted JVM creation with extra hidden args: ['-javaagent:/Users/sunzhiwen01/bin/codeql/java/tools/codeql-java-agent.jar=ignore-project,java' '-Xbootclasspath/a:/Users/sunzhiwen01/bin/codeql/java/tools/codeql-java-agent.jar'] (result: 1, 0).
